[17] Log opened at 2024-09-25 06:18:42.637914
[17] [Step Debug] INFO: Checking remote connect back address.
[17] [Step Debug] INFO: Checking header 'HTTP_X_FORWARDED_FOR'.
[17] [Step Debug] INFO: Checking header 'REMOTE_ADDR'.
[17] [Step Debug] INFO: Client host discovered through HTTP header, connecting to 192.168.65.1:9003.
[17] [Step Debug] WARN: Could not connect to client host discovered through HTTP headers, connecting to configured address/port: localhost:9003. :-|
[17] [Step Debug] WARN: Creating socket for 'localhost:9003', poll success, but error: Operation now in progress (29).
[17] [Step Debug] WARN: Creating socket for 'localhost:9003', connect: Cannot assign requested address.
[17] [Step Debug] ERR: Could not connect to debugging client. Tried: 192.168.65.1:9003 (from REMOTE_ADDR HTTP header), localhost:9003 (fallback through xdebug.client_host/xdebug.client_port) :-(
[17] Log closed at 2024-09-25 06:18:44.651864

[18] Log opened at 2024-09-25 06:27:50.774479
[18] [Step Debug] INFO: Checking remote connect back address.
[18] [Step Debug] INFO: Checking header 'HTTP_X_FORWARDED_FOR'.
[18] [Step Debug] INFO: Checking header 'REMOTE_ADDR'.
[18] [Step Debug] INFO: Client host discovered through HTTP header, connecting to 192.168.65.1:9003.
[19] Log opened at 2024-09-25 06:27:52.323816
[19] [Step Debug] INFO: Checking remote connect back address.
[19] [Step Debug] INFO: Checking header 'HTTP_X_FORWARDED_FOR'.
[19] [Step Debug] INFO: Checking header 'REMOTE_ADDR'.
[19] [Step Debug] INFO: Client host discovered through HTTP header, connecting to 192.168.65.1:9003.
[18] [Step Debug] WARN: Could not connect to client host discovered through HTTP headers, connecting to configured address/port: localhost:9003. :-|
[18] [Step Debug] WARN: Creating socket for 'localhost:9003', poll success, but error: Operation now in progress (29).
[18] [Step Debug] WARN: Creating socket for 'localhost:9003', connect: Cannot assign requested address.
[18] [Step Debug] ERR: Could not connect to debugging client. Tried: 192.168.65.1:9003 (from REMOTE_ADDR HTTP header), localhost:9003 (fallback through xdebug.client_host/xdebug.client_port) :-(
[18] Log closed at 2024-09-25 06:27:52.782474

[20] Log opened at 2024-09-25 06:27:53.033069
[20] [Step Debug] INFO: Checking remote connect back address.
[20] [Step Debug] INFO: Checking header 'HTTP_X_FORWARDED_FOR'.
[20] [Step Debug] INFO: Checking header 'REMOTE_ADDR'.
[20] [Step Debug] INFO: Client host discovered through HTTP header, connecting to 192.168.65.1:9003.
[19] [Step Debug] WARN: Could not connect to client host discovered through HTTP headers, connecting to configured address/port: localhost:9003. :-|
[19] [Step Debug] WARN: Creating socket for 'localhost:9003', poll success, but error: Operation now in progress (29).
[19] [Step Debug] WARN: Creating socket for 'localhost:9003', connect: Cannot assign requested address.
[19] [Step Debug] ERR: Could not connect to debugging client. Tried: 192.168.65.1:9003 (from REMOTE_ADDR HTTP header), localhost:9003 (fallback through xdebug.client_host/xdebug.client_port) :-(
[19] Log closed at 2024-09-25 06:27:54.331522

[20] [Step Debug] WARN: Could not connect to client host discovered through HTTP headers, connecting to configured address/port: localhost:9003. :-|
[20] [Step Debug] WARN: Creating socket for 'localhost:9003', poll success, but error: Operation now in progress (29).
[20] [Step Debug] WARN: Creating socket for 'localhost:9003', connect: Cannot assign requested address.
[20] [Step Debug] ERR: Could not connect to debugging client. Tried: 192.168.65.1:9003 (from REMOTE_ADDR HTTP header), localhost:9003 (fallback through xdebug.client_host/xdebug.client_port) :-(
[20] Log closed at 2024-09-25 06:27:55.040860

[21] Log opened at 2024-09-25 06:28:13.149748
[21] [Step Debug] INFO: Checking remote connect back address.
[21] [Step Debug] INFO: Checking header 'HTTP_X_FORWARDED_FOR'.
[21] [Step Debug] INFO: Checking header 'REMOTE_ADDR'.
[21] [Step Debug] INFO: Client host discovered through HTTP header, connecting to 192.168.65.1:9003.
[21] [Step Debug] WARN: Could not connect to client host discovered through HTTP headers, connecting to configured address/port: localhost:9003. :-|
[21] [Step Debug] WARN: Creating socket for 'localhost:9003', poll success, but error: Operation now in progress (29).
[21] [Step Debug] WARN: Creating socket for 'localhost:9003', connect: Cannot assign requested address.
[21] [Step Debug] ERR: Could not connect to debugging client. Tried: 192.168.65.1:9003 (from REMOTE_ADDR HTTP header), localhost:9003 (fallback through xdebug.client_host/xdebug.client_port) :-(
[21] Log closed at 2024-09-25 06:28:15.159435

[21] Log opened at 2024-09-25 06:28:18.724852
[21] [Step Debug] INFO: Checking remote connect back address.
[21] [Step Debug] INFO: Checking header 'HTTP_X_FORWARDED_FOR'.
[21] [Step Debug] INFO: Checking header 'REMOTE_ADDR'.
[21] [Step Debug] INFO: Client host discovered through HTTP header, connecting to 192.168.65.1:9003.
[21] [Step Debug] WARN: Could not connect to client host discovered through HTTP headers, connecting to configured address/port: localhost:9003. :-|
[21] [Step Debug] WARN: Creating socket for 'localhost:9003', poll success, but error: Operation now in progress (29).
[21] [Step Debug] WARN: Creating socket for 'localhost:9003', connect: Cannot assign requested address.
[21] [Step Debug] ERR: Could not connect to debugging client. Tried: 192.168.65.1:9003 (from REMOTE_ADDR HTTP header), localhost:9003 (fallback through xdebug.client_host/xdebug.client_port) :-(
[21] Log closed at 2024-09-25 06:28:20.732078

[22] Log opened at 2024-09-25 06:28:31.524993
[22] [Step Debug] INFO: Checking remote connect back address.
[22] [Step Debug] INFO: Checking header 'HTTP_X_FORWARDED_FOR'.
[22] [Step Debug] INFO: Checking header 'REMOTE_ADDR'.
[22] [Step Debug] INFO: Client host discovered through HTTP header, connecting to 192.168.65.1:9003.
[22] [Step Debug] WARN: Could not connect to client host discovered through HTTP headers, connecting to configured address/port: localhost:9003. :-|
[22] [Step Debug] WARN: Creating socket for 'localhost:9003', poll success, but error: Operation now in progress (29).
[22] [Step Debug] WARN: Creating socket for 'localhost:9003', connect: Cannot assign requested address.
[22] [Step Debug] ERR: Could not connect to debugging client. Tried: 192.168.65.1:9003 (from REMOTE_ADDR HTTP header), localhost:9003 (fallback through xdebug.client_host/xdebug.client_port) :-(
[22] Log closed at 2024-09-25 06:28:33.534580

[17] Log opened at 2024-09-25 06:28:45.621022
[17] [Step Debug] INFO: Checking remote connect back address.
[17] [Step Debug] INFO: Checking header 'HTTP_X_FORWARDED_FOR'.
[17] [Step Debug] INFO: Checking header 'REMOTE_ADDR'.
[17] [Step Debug] INFO: Client host discovered through HTTP header, connecting to 192.168.65.1:9003.
[17] [Step Debug] WARN: Could not connect to client host discovered through HTTP headers, connecting to configured address/port: localhost:9003. :-|
[17] [Step Debug] WARN: Creating socket for 'localhost:9003', poll success, but error: Operation now in progress (29).
[17] [Step Debug] WARN: Creating socket for 'localhost:9003', connect: Cannot assign requested address.
[17] [Step Debug] ERR: Could not connect to debugging client. Tried: 192.168.65.1:9003 (from REMOTE_ADDR HTTP header), localhost:9003 (fallback through xdebug.client_host/xdebug.client_port) :-(
[17] Log closed at 2024-09-25 06:28:47.628119

[23] Log opened at 2024-09-25 06:30:26.292858
[23] [Step Debug] INFO: Checking remote connect back address.
[23] [Step Debug] INFO: Checking header 'HTTP_X_FORWARDED_FOR'.
[23] [Step Debug] INFO: Checking header 'REMOTE_ADDR'.
[23] [Step Debug] INFO: Client host discovered through HTTP header, connecting to 192.168.65.1:9003.
[23] [Step Debug] WARN: Could not connect to client host discovered through HTTP headers, connecting to configured address/port: localhost:9003. :-|
[23] [Step Debug] WARN: Creating socket for 'localhost:9003', poll success, but error: Operation now in progress (29).
[23] [Step Debug] WARN: Creating socket for 'localhost:9003', connect: Cannot assign requested address.
[23] [Step Debug] ERR: Could not connect to debugging client. Tried: 192.168.65.1:9003 (from REMOTE_ADDR HTTP header), localhost:9003 (fallback through xdebug.client_host/xdebug.client_port) :-(
[23] Log closed at 2024-09-25 06:30:28.302999

[18] Log opened at 2024-09-25 06:30:40.796486
[18] [Step Debug] INFO: Checking remote connect back address.
[18] [Step Debug] INFO: Checking header 'HTTP_X_FORWARDED_FOR'.
[18] [Step Debug] INFO: Checking header 'REMOTE_ADDR'.
[18] [Step Debug] INFO: Client host discovered through HTTP header, connecting to 192.168.65.1:9003.
[18] [Step Debug] WARN: Could not connect to client host discovered through HTTP headers, connecting to configured address/port: localhost:9003. :-|
[18] [Step Debug] WARN: Creating socket for 'localhost:9003', poll success, but error: Operation now in progress (29).
[18] [Step Debug] WARN: Creating socket for 'localhost:9003', connect: Cannot assign requested address.
[18] [Step Debug] ERR: Could not connect to debugging client. Tried: 192.168.65.1:9003 (from REMOTE_ADDR HTTP header), localhost:9003 (fallback through xdebug.client_host/xdebug.client_port) :-(
[18] Log closed at 2024-09-25 06:30:42.802582

[19] Log opened at 2024-09-25 06:30:52.781940
[19] [Step Debug] INFO: Checking remote connect back address.
[19] [Step Debug] INFO: Checking header 'HTTP_X_FORWARDED_FOR'.
[19] [Step Debug] INFO: Checking header 'REMOTE_ADDR'.
[19] [Step Debug] INFO: Client host discovered through HTTP header, connecting to 192.168.65.1:9003.
[19] [Step Debug] WARN: Could not connect to client host discovered through HTTP headers, connecting to configured address/port: localhost:9003. :-|
[19] [Step Debug] WARN: Creating socket for 'localhost:9003', poll success, but error: Operation now in progress (29).
[19] [Step Debug] WARN: Creating socket for 'localhost:9003', connect: Cannot assign requested address.
[19] [Step Debug] ERR: Could not connect to debugging client. Tried: 192.168.65.1:9003 (from REMOTE_ADDR HTTP header), localhost:9003 (fallback through xdebug.client_host/xdebug.client_port) :-(
[19] Log closed at 2024-09-25 06:30:54.789194

[20] Log opened at 2024-09-25 06:33:51.175983
[20] [Step Debug] INFO: Checking remote connect back address.
[20] [Step Debug] INFO: Checking header 'HTTP_X_FORWARDED_FOR'.
[20] [Step Debug] INFO: Checking header 'REMOTE_ADDR'.
[20] [Step Debug] INFO: Client host discovered through HTTP header, connecting to 192.168.65.1:9003.
[20] [Step Debug] WARN: Could not connect to client host discovered through HTTP headers, connecting to configured address/port: localhost:9003. :-|
[20] [Step Debug] WARN: Creating socket for 'localhost:9003', poll success, but error: Operation now in progress (29).
[20] [Step Debug] WARN: Creating socket for 'localhost:9003', connect: Cannot assign requested address.
[20] [Step Debug] ERR: Could not connect to debugging client. Tried: 192.168.65.1:9003 (from REMOTE_ADDR HTTP header), localhost:9003 (fallback through xdebug.client_host/xdebug.client_port) :-(
[20] Log closed at 2024-09-25 06:33:53.184361

[21] Log opened at 2024-09-25 06:33:59.178947
[21] [Step Debug] INFO: Checking remote connect back address.
[21] [Step Debug] INFO: Checking header 'HTTP_X_FORWARDED_FOR'.
[21] [Step Debug] INFO: Checking header 'REMOTE_ADDR'.
[21] [Step Debug] INFO: Client host discovered through HTTP header, connecting to 192.168.65.1:9003.
[21] [Step Debug] WARN: Could not connect to client host discovered through HTTP headers, connecting to configured address/port: localhost:9003. :-|
[21] [Step Debug] WARN: Creating socket for 'localhost:9003', poll success, but error: Operation now in progress (29).
[21] [Step Debug] WARN: Creating socket for 'localhost:9003', connect: Cannot assign requested address.
[21] [Step Debug] ERR: Could not connect to debugging client. Tried: 192.168.65.1:9003 (from REMOTE_ADDR HTTP header), localhost:9003 (fallback through xdebug.client_host/xdebug.client_port) :-(
[21] Log closed at 2024-09-25 06:34:01.185181

[22] Log opened at 2024-09-25 06:39:44.022273
[22] [Step Debug] INFO: Checking remote connect back address.
[22] [Step Debug] INFO: Checking header 'HTTP_X_FORWARDED_FOR'.
[22] [Step Debug] INFO: Checking header 'REMOTE_ADDR'.
[22] [Step Debug] INFO: Client host discovered through HTTP header, connecting to 192.168.65.1:9003.
[22] [Step Debug] WARN: Could not connect to client host discovered through HTTP headers, connecting to configured address/port: localhost:9003. :-|
[22] [Step Debug] WARN: Creating socket for 'localhost:9003', poll success, but error: Operation now in progress (29).
[22] [Step Debug] WARN: Creating socket for 'localhost:9003', connect: Cannot assign requested address.
[22] [Step Debug] ERR: Could not connect to debugging client. Tried: 192.168.65.1:9003 (from REMOTE_ADDR HTTP header), localhost:9003 (fallback through xdebug.client_host/xdebug.client_port) :-(
[22] Log closed at 2024-09-25 06:39:46.030260

[17] Log opened at 2024-09-25 06:46:30.597920
[17] [Step Debug] INFO: Checking remote connect back address.
[17] [Step Debug] INFO: Checking header 'HTTP_X_FORWARDED_FOR'.
[17] [Step Debug] INFO: Checking header 'REMOTE_ADDR'.
[17] [Step Debug] INFO: Client host discovered through HTTP header, connecting to 192.168.65.1:9003.
[17] [Step Debug] WARN: Could not connect to client host discovered through HTTP headers, connecting to configured address/port: localhost:9003. :-|
[17] [Step Debug] WARN: Creating socket for 'localhost:9003', poll success, but error: Operation now in progress (29).
[17] [Step Debug] WARN: Creating socket for 'localhost:9003', connect: Cannot assign requested address.
[17] [Step Debug] ERR: Could not connect to debugging client. Tried: 192.168.65.1:9003 (from REMOTE_ADDR HTTP header), localhost:9003 (fallback through xdebug.client_host/xdebug.client_port) :-(
[17] Log closed at 2024-09-25 06:46:32.607757

[23] Log opened at 2024-09-25 07:13:40.558347
[23] [Step Debug] INFO: Checking remote connect back address.
[23] [Step Debug] INFO: Checking header 'HTTP_X_FORWARDED_FOR'.
[23] [Step Debug] INFO: Checking header 'REMOTE_ADDR'.
[23] [Step Debug] INFO: Client host discovered through HTTP header, connecting to 192.168.65.1:9003.
[23] [Step Debug] WARN: Could not connect to client host discovered through HTTP headers, connecting to configured address/port: localhost:9003. :-|
[23] [Step Debug] WARN: Creating socket for 'localhost:9003', poll success, but error: Operation now in progress (29).
[23] [Step Debug] WARN: Creating socket for 'localhost:9003', connect: Cannot assign requested address.
[23] [Step Debug] ERR: Could not connect to debugging client. Tried: 192.168.65.1:9003 (from REMOTE_ADDR HTTP header), localhost:9003 (fallback through xdebug.client_host/xdebug.client_port) :-(
[23] Log closed at 2024-09-25 07:13:42.566951

[18] Log opened at 2024-09-25 07:13:57.196795
[18] [Step Debug] INFO: Checking remote connect back address.
[18] [Step Debug] INFO: Checking header 'HTTP_X_FORWARDED_FOR'.
[18] [Step Debug] INFO: Checking header 'REMOTE_ADDR'.
[18] [Step Debug] INFO: Client host discovered through HTTP header, connecting to 192.168.65.1:9003.
[18] [Step Debug] WARN: Could not connect to client host discovered through HTTP headers, connecting to configured address/port: localhost:9003. :-|
[18] [Step Debug] WARN: Creating socket for 'localhost:9003', poll success, but error: Operation now in progress (29).
[18] [Step Debug] WARN: Creating socket for 'localhost:9003', connect: Cannot assign requested address.
[18] [Step Debug] ERR: Could not connect to debugging client. Tried: 192.168.65.1:9003 (from REMOTE_ADDR HTTP header), localhost:9003 (fallback through xdebug.client_host/xdebug.client_port) :-(
[18] Log closed at 2024-09-25 07:13:59.203816

[19] Log opened at 2024-09-25 07:14:20.191947
[19] [Step Debug] INFO: Checking remote connect back address.
[19] [Step Debug] INFO: Checking header 'HTTP_X_FORWARDED_FOR'.
[19] [Step Debug] INFO: Checking header 'REMOTE_ADDR'.
[19] [Step Debug] INFO: Client host discovered through HTTP header, connecting to 192.168.65.1:9003.
[19] [Step Debug] WARN: Could not connect to client host discovered through HTTP headers, connecting to configured address/port: localhost:9003. :-|
[19] [Step Debug] WARN: Creating socket for 'localhost:9003', poll success, but error: Operation now in progress (29).
[19] [Step Debug] WARN: Creating socket for 'localhost:9003', connect: Cannot assign requested address.
[19] [Step Debug] ERR: Could not connect to debugging client. Tried: 192.168.65.1:9003 (from REMOTE_ADDR HTTP header), localhost:9003 (fallback through xdebug.client_host/xdebug.client_port) :-(
[19] Log closed at 2024-09-25 07:14:22.200783

[20] Log opened at 2024-09-25 07:14:40.720425
[20] [Step Debug] INFO: Checking remote connect back address.
[20] [Step Debug] INFO: Checking header 'HTTP_X_FORWARDED_FOR'.
[20] [Step Debug] INFO: Checking header 'REMOTE_ADDR'.
[20] [Step Debug] INFO: Client host discovered through HTTP header, connecting to 192.168.65.1:9003.
[20] [Step Debug] WARN: Could not connect to client host discovered through HTTP headers, connecting to configured address/port: localhost:9003. :-|
[20] [Step Debug] WARN: Creating socket for 'localhost:9003', poll success, but error: Operation now in progress (29).
[20] [Step Debug] WARN: Creating socket for 'localhost:9003', connect: Cannot assign requested address.
[20] [Step Debug] ERR: Could not connect to debugging client. Tried: 192.168.65.1:9003 (from REMOTE_ADDR HTTP header), localhost:9003 (fallback through xdebug.client_host/xdebug.client_port) :-(
[20] Log closed at 2024-09-25 07:14:42.727755

[20] Log opened at 2024-09-25 07:14:45.120774
[20] [Step Debug] INFO: Checking remote connect back address.
[20] [Step Debug] INFO: Checking header 'HTTP_X_FORWARDED_FOR'.
[20] [Step Debug] INFO: Checking header 'REMOTE_ADDR'.
[20] [Step Debug] INFO: Client host discovered through HTTP header, connecting to 192.168.65.1:9003.
[20] [Step Debug] WARN: Could not connect to client host discovered through HTTP headers, connecting to configured address/port: localhost:9003. :-|
[20] [Step Debug] WARN: Creating socket for 'localhost:9003', poll success, but error: Operation now in progress (29).
[20] [Step Debug] WARN: Creating socket for 'localhost:9003', connect: Cannot assign requested address.
[20] [Step Debug] ERR: Could not connect to debugging client. Tried: 192.168.65.1:9003 (from REMOTE_ADDR HTTP header), localhost:9003 (fallback through xdebug.client_host/xdebug.client_port) :-(
[20] Log closed at 2024-09-25 07:14:47.129084

[21] Log opened at 2024-09-25 07:21:20.831573
[21] [Step Debug] INFO: Checking remote connect back address.
[21] [Step Debug] INFO: Checking header 'HTTP_X_FORWARDED_FOR'.
[21] [Step Debug] INFO: Checking header 'REMOTE_ADDR'.
[21] [Step Debug] INFO: Client host discovered through HTTP header, connecting to 192.168.65.1:9003.
[21] [Step Debug] WARN: Could not connect to client host discovered through HTTP headers, connecting to configured address/port: localhost:9003. :-|
[21] [Step Debug] WARN: Creating socket for 'localhost:9003', poll success, but error: Operation now in progress (29).
[21] [Step Debug] WARN: Creating socket for 'localhost:9003', connect: Cannot assign requested address.
[21] [Step Debug] ERR: Could not connect to debugging client. Tried: 192.168.65.1:9003 (from REMOTE_ADDR HTTP header), localhost:9003 (fallback through xdebug.client_host/xdebug.client_port) :-(
[21] Log closed at 2024-09-25 07:21:22.838065

[22] Log opened at 2024-09-25 07:21:54.151379
[22] [Step Debug] INFO: Checking remote connect back address.
[22] [Step Debug] INFO: Checking header 'HTTP_X_FORWARDED_FOR'.
[22] [Step Debug] INFO: Checking header 'REMOTE_ADDR'.
[22] [Step Debug] INFO: Client host discovered through HTTP header, connecting to 192.168.65.1:9003.
[22] [Step Debug] WARN: Could not connect to client host discovered through HTTP headers, connecting to configured address/port: localhost:9003. :-|
[22] [Step Debug] WARN: Creating socket for 'localhost:9003', poll success, but error: Operation now in progress (29).
[22] [Step Debug] WARN: Creating socket for 'localhost:9003', connect: Cannot assign requested address.
[22] [Step Debug] ERR: Could not connect to debugging client. Tried: 192.168.65.1:9003 (from REMOTE_ADDR HTTP header), localhost:9003 (fallback through xdebug.client_host/xdebug.client_port) :-(
[22] Log closed at 2024-09-25 07:21:56.161391

[17] Log opened at 2024-09-25 07:29:52.488658
[17] [Step Debug] INFO: Checking remote connect back address.
[17] [Step Debug] INFO: Checking header 'HTTP_X_FORWARDED_FOR'.
[17] [Step Debug] INFO: Checking header 'REMOTE_ADDR'.
[17] [Step Debug] INFO: Client host discovered through HTTP header, connecting to 192.168.65.1:9003.
[17] [Step Debug] WARN: Could not connect to client host discovered through HTTP headers, connecting to configured address/port: localhost:9003. :-|
[17] [Step Debug] WARN: Creating socket for 'localhost:9003', poll success, but error: Operation now in progress (29).
[17] [Step Debug] WARN: Creating socket for 'localhost:9003', connect: Cannot assign requested address.
[17] [Step Debug] ERR: Could not connect to debugging client. Tried: 192.168.65.1:9003 (from REMOTE_ADDR HTTP header), localhost:9003 (fallback through xdebug.client_host/xdebug.client_port) :-(
[17] Log closed at 2024-09-25 07:29:54.497461

[23] Log opened at 2024-09-25 07:31:03.531959
[23] [Step Debug] INFO: Checking remote connect back address.
[23] [Step Debug] INFO: Checking header 'HTTP_X_FORWARDED_FOR'.
[23] [Step Debug] INFO: Checking header 'REMOTE_ADDR'.
[23] [Step Debug] INFO: Client host discovered through HTTP header, connecting to 192.168.65.1:9003.
[23] [Step Debug] WARN: Could not connect to client host discovered through HTTP headers, connecting to configured address/port: localhost:9003. :-|
[23] [Step Debug] WARN: Creating socket for 'localhost:9003', poll success, but error: Operation now in progress (29).
[23] [Step Debug] WARN: Creating socket for 'localhost:9003', connect: Cannot assign requested address.
[23] [Step Debug] ERR: Could not connect to debugging client. Tried: 192.168.65.1:9003 (from REMOTE_ADDR HTTP header), localhost:9003 (fallback through xdebug.client_host/xdebug.client_port) :-(
[23] Log closed at 2024-09-25 07:31:05.539528

[18] Log opened at 2024-09-25 07:32:18.835805
[18] [Step Debug] INFO: Checking remote connect back address.
[18] [Step Debug] INFO: Checking header 'HTTP_X_FORWARDED_FOR'.
[18] [Step Debug] INFO: Checking header 'REMOTE_ADDR'.
[18] [Step Debug] INFO: Client host discovered through HTTP header, connecting to 192.168.65.1:9003.
[18] [Step Debug] WARN: Could not connect to client host discovered through HTTP headers, connecting to configured address/port: localhost:9003. :-|
[18] [Step Debug] WARN: Creating socket for 'localhost:9003', poll success, but error: Operation now in progress (29).
[18] [Step Debug] WARN: Creating socket for 'localhost:9003', connect: Cannot assign requested address.
[18] [Step Debug] ERR: Could not connect to debugging client. Tried: 192.168.65.1:9003 (from REMOTE_ADDR HTTP header), localhost:9003 (fallback through xdebug.client_host/xdebug.client_port) :-(
[18] Log closed at 2024-09-25 07:32:20.842236

[19] Log opened at 2024-09-25 07:33:26.342260
[19] [Step Debug] INFO: Checking remote connect back address.
[19] [Step Debug] INFO: Checking header 'HTTP_X_FORWARDED_FOR'.
[19] [Step Debug] INFO: Checking header 'REMOTE_ADDR'.
[19] [Step Debug] INFO: Client host discovered through HTTP header, connecting to 192.168.65.1:9003.
[19] [Step Debug] WARN: Could not connect to client host discovered through HTTP headers, connecting to configured address/port: localhost:9003. :-|
[19] [Step Debug] WARN: Creating socket for 'localhost:9003', poll success, but error: Operation now in progress (29).
[19] [Step Debug] WARN: Creating socket for 'localhost:9003', connect: Cannot assign requested address.
[19] [Step Debug] ERR: Could not connect to debugging client. Tried: 192.168.65.1:9003 (from REMOTE_ADDR HTTP header), localhost:9003 (fallback through xdebug.client_host/xdebug.client_port) :-(
[19] Log closed at 2024-09-25 07:33:28.348680

[20] Log opened at 2024-09-25 07:35:13.280749
[20] [Step Debug] INFO: Checking remote connect back address.
[20] [Step Debug] INFO: Checking header 'HTTP_X_FORWARDED_FOR'.
[20] [Step Debug] INFO: Checking header 'REMOTE_ADDR'.
[20] [Step Debug] INFO: Client host discovered through HTTP header, connecting to 192.168.65.1:9003.
[20] [Step Debug] WARN: Could not connect to client host discovered through HTTP headers, connecting to configured address/port: localhost:9003. :-|
[20] [Step Debug] WARN: Creating socket for 'localhost:9003', poll success, but error: Operation now in progress (29).
[20] [Step Debug] WARN: Creating socket for 'localhost:9003', connect: Cannot assign requested address.
[20] [Step Debug] ERR: Could not connect to debugging client. Tried: 192.168.65.1:9003 (from REMOTE_ADDR HTTP header), localhost:9003 (fallback through xdebug.client_host/xdebug.client_port) :-(
[20] Log closed at 2024-09-25 07:35:15.287904

[21] Log opened at 2024-09-25 07:35:38.815429
[21] [Step Debug] INFO: Checking remote connect back address.
[21] [Step Debug] INFO: Checking header 'HTTP_X_FORWARDED_FOR'.
[21] [Step Debug] INFO: Checking header 'REMOTE_ADDR'.
[21] [Step Debug] INFO: Client host discovered through HTTP header, connecting to 192.168.65.1:9003.
[21] [Step Debug] WARN: Could not connect to client host discovered through HTTP headers, connecting to configured address/port: localhost:9003. :-|
[21] [Step Debug] WARN: Creating socket for 'localhost:9003', poll success, but error: Operation now in progress (29).
[21] [Step Debug] WARN: Creating socket for 'localhost:9003', connect: Cannot assign requested address.
[21] [Step Debug] ERR: Could not connect to debugging client. Tried: 192.168.65.1:9003 (from REMOTE_ADDR HTTP header), localhost:9003 (fallback through xdebug.client_host/xdebug.client_port) :-(
[21] Log closed at 2024-09-25 07:35:40.821597

[22] Log opened at 2024-09-25 07:36:40.515620
[22] [Step Debug] INFO: Checking remote connect back address.
[22] [Step Debug] INFO: Checking header 'HTTP_X_FORWARDED_FOR'.
[22] [Step Debug] INFO: Checking header 'REMOTE_ADDR'.
[22] [Step Debug] INFO: Client host discovered through HTTP header, connecting to 192.168.65.1:9003.
[22] [Step Debug] WARN: Could not connect to client host discovered through HTTP headers, connecting to configured address/port: localhost:9003. :-|
[22] [Step Debug] WARN: Creating socket for 'localhost:9003', poll success, but error: Operation now in progress (29).
[22] [Step Debug] WARN: Creating socket for 'localhost:9003', connect: Cannot assign requested address.
[22] [Step Debug] ERR: Could not connect to debugging client. Tried: 192.168.65.1:9003 (from REMOTE_ADDR HTTP header), localhost:9003 (fallback through xdebug.client_host/xdebug.client_port) :-(
[22] Log closed at 2024-09-25 07:36:42.523336

[17] Log opened at 2024-09-25 07:38:57.542482
[17] [Step Debug] INFO: Checking remote connect back address.
[17] [Step Debug] INFO: Checking header 'HTTP_X_FORWARDED_FOR'.
[17] [Step Debug] INFO: Checking header 'REMOTE_ADDR'.
[17] [Step Debug] INFO: Client host discovered through HTTP header, connecting to 192.168.65.1:9003.
[17] [Step Debug] WARN: Could not connect to client host discovered through HTTP headers, connecting to configured address/port: localhost:9003. :-|
[17] [Step Debug] WARN: Creating socket for 'localhost:9003', poll success, but error: Operation now in progress (29).
[17] [Step Debug] WARN: Creating socket for 'localhost:9003', connect: Cannot assign requested address.
[17] [Step Debug] ERR: Could not connect to debugging client. Tried: 192.168.65.1:9003 (from REMOTE_ADDR HTTP header), localhost:9003 (fallback through xdebug.client_host/xdebug.client_port) :-(
[17] Log closed at 2024-09-25 07:38:59.549871

[23] Log opened at 2024-09-25 07:39:28.393635
[23] [Step Debug] INFO: Checking remote connect back address.
[23] [Step Debug] INFO: Checking header 'HTTP_X_FORWARDED_FOR'.
[23] [Step Debug] INFO: Checking header 'REMOTE_ADDR'.
[23] [Step Debug] INFO: Client host discovered through HTTP header, connecting to 192.168.65.1:9003.
[23] [Step Debug] WARN: Could not connect to client host discovered through HTTP headers, connecting to configured address/port: localhost:9003. :-|
[23] [Step Debug] WARN: Creating socket for 'localhost:9003', poll success, but error: Operation now in progress (29).
[23] [Step Debug] WARN: Creating socket for 'localhost:9003', connect: Cannot assign requested address.
[23] [Step Debug] ERR: Could not connect to debugging client. Tried: 192.168.65.1:9003 (from REMOTE_ADDR HTTP header), localhost:9003 (fallback through xdebug.client_host/xdebug.client_port) :-(
[23] Log closed at 2024-09-25 07:39:30.403483

[18] Log opened at 2024-09-25 07:42:14.908973
[18] [Step Debug] INFO: Checking remote connect back address.
[18] [Step Debug] INFO: Checking header 'HTTP_X_FORWARDED_FOR'.
[18] [Step Debug] INFO: Checking header 'REMOTE_ADDR'.
[18] [Step Debug] INFO: Client host discovered through HTTP header, connecting to 192.168.65.1:9003.
[18] [Step Debug] WARN: Could not connect to client host discovered through HTTP headers, connecting to configured address/port: localhost:9003. :-|
[18] [Step Debug] WARN: Creating socket for 'localhost:9003', poll success, but error: Operation now in progress (29).
[18] [Step Debug] WARN: Creating socket for 'localhost:9003', connect: Cannot assign requested address.
[18] [Step Debug] ERR: Could not connect to debugging client. Tried: 192.168.65.1:9003 (from REMOTE_ADDR HTTP header), localhost:9003 (fallback through xdebug.client_host/xdebug.client_port) :-(
[18] Log closed at 2024-09-25 07:42:16.916454

[19] Log opened at 2024-09-25 07:45:04.709964
[19] [Step Debug] INFO: Checking remote connect back address.
[19] [Step Debug] INFO: Checking header 'HTTP_X_FORWARDED_FOR'.
[19] [Step Debug] INFO: Checking header 'REMOTE_ADDR'.
[19] [Step Debug] INFO: Client host discovered through HTTP header, connecting to 192.168.65.1:9003.
[19] [Step Debug] WARN: Could not connect to client host discovered through HTTP headers, connecting to configured address/port: localhost:9003. :-|
[19] [Step Debug] WARN: Creating socket for 'localhost:9003', poll success, but error: Operation now in progress (29).
[19] [Step Debug] WARN: Creating socket for 'localhost:9003', connect: Cannot assign requested address.
[19] [Step Debug] ERR: Could not connect to debugging client. Tried: 192.168.65.1:9003 (from REMOTE_ADDR HTTP header), localhost:9003 (fallback through xdebug.client_host/xdebug.client_port) :-(
[19] Log closed at 2024-09-25 07:45:06.719938

[20] Log opened at 2024-09-25 07:45:32.114247
[20] [Step Debug] INFO: Checking remote connect back address.
[20] [Step Debug] INFO: Checking header 'HTTP_X_FORWARDED_FOR'.
[20] [Step Debug] INFO: Checking header 'REMOTE_ADDR'.
[20] [Step Debug] INFO: Client host discovered through HTTP header, connecting to 192.168.65.1:9003.
[20] [Step Debug] WARN: Could not connect to client host discovered through HTTP headers, connecting to configured address/port: localhost:9003. :-|
[20] [Step Debug] WARN: Creating socket for 'localhost:9003', poll success, but error: Operation now in progress (29).
[20] [Step Debug] WARN: Creating socket for 'localhost:9003', connect: Cannot assign requested address.
[20] [Step Debug] ERR: Could not connect to debugging client. Tried: 192.168.65.1:9003 (from REMOTE_ADDR HTTP header), localhost:9003 (fallback through xdebug.client_host/xdebug.client_port) :-(
[20] Log closed at 2024-09-25 07:45:34.124384

[21] Log opened at 2024-09-25 07:46:47.267011
[21] [Step Debug] INFO: Checking remote connect back address.
[21] [Step Debug] INFO: Checking header 'HTTP_X_FORWARDED_FOR'.
[21] [Step Debug] INFO: Checking header 'REMOTE_ADDR'.
[21] [Step Debug] INFO: Client host discovered through HTTP header, connecting to 192.168.65.1:9003.
[21] [Step Debug] WARN: Could not connect to client host discovered through HTTP headers, connecting to configured address/port: localhost:9003. :-|
[21] [Step Debug] WARN: Creating socket for 'localhost:9003', poll success, but error: Operation now in progress (29).
[21] [Step Debug] WARN: Creating socket for 'localhost:9003', connect: Cannot assign requested address.
[21] [Step Debug] ERR: Could not connect to debugging client. Tried: 192.168.65.1:9003 (from REMOTE_ADDR HTTP header), localhost:9003 (fallback through xdebug.client_host/xdebug.client_port) :-(
[21] Log closed at 2024-09-25 07:46:49.276167

[22] Log opened at 2024-09-25 07:46:59.857527
[22] [Step Debug] INFO: Checking remote connect back address.
[22] [Step Debug] INFO: Checking header 'HTTP_X_FORWARDED_FOR'.
[22] [Step Debug] INFO: Checking header 'REMOTE_ADDR'.
[22] [Step Debug] INFO: Client host discovered through HTTP header, connecting to 192.168.65.1:9003.
[22] [Step Debug] WARN: Could not connect to client host discovered through HTTP headers, connecting to configured address/port: localhost:9003. :-|
[22] [Step Debug] WARN: Creating socket for 'localhost:9003', poll success, but error: Operation now in progress (29).
[22] [Step Debug] WARN: Creating socket for 'localhost:9003', connect: Cannot assign requested address.
[22] [Step Debug] ERR: Could not connect to debugging client. Tried: 192.168.65.1:9003 (from REMOTE_ADDR HTTP header), localhost:9003 (fallback through xdebug.client_host/xdebug.client_port) :-(
[22] Log closed at 2024-09-25 07:47:01.867723

[17] Log opened at 2024-09-25 07:47:42.477050
[17] [Step Debug] INFO: Checking remote connect back address.
[17] [Step Debug] INFO: Checking header 'HTTP_X_FORWARDED_FOR'.
[17] [Step Debug] INFO: Checking header 'REMOTE_ADDR'.
[17] [Step Debug] INFO: Client host discovered through HTTP header, connecting to 192.168.65.1:9003.
[17] [Step Debug] WARN: Could not connect to client host discovered through HTTP headers, connecting to configured address/port: localhost:9003. :-|
[17] [Step Debug] WARN: Creating socket for 'localhost:9003', poll success, but error: Operation now in progress (29).
[17] [Step Debug] WARN: Creating socket for 'localhost:9003', connect: Cannot assign requested address.
[17] [Step Debug] ERR: Could not connect to debugging client. Tried: 192.168.65.1:9003 (from REMOTE_ADDR HTTP header), localhost:9003 (fallback through xdebug.client_host/xdebug.client_port) :-(
[17] Log closed at 2024-09-25 07:47:44.486829

[23] Log opened at 2024-09-25 07:48:15.263695
[23] [Step Debug] INFO: Checking remote connect back address.
[23] [Step Debug] INFO: Checking header 'HTTP_X_FORWARDED_FOR'.
[23] [Step Debug] INFO: Checking header 'REMOTE_ADDR'.
[23] [Step Debug] INFO: Client host discovered through HTTP header, connecting to 192.168.65.1:9003.
[23] [Step Debug] WARN: Could not connect to client host discovered through HTTP headers, connecting to configured address/port: localhost:9003. :-|
[23] [Step Debug] WARN: Creating socket for 'localhost:9003', poll success, but error: Operation now in progress (29).
[23] [Step Debug] WARN: Creating socket for 'localhost:9003', connect: Cannot assign requested address.
[23] [Step Debug] ERR: Could not connect to debugging client. Tried: 192.168.65.1:9003 (from REMOTE_ADDR HTTP header), localhost:9003 (fallback through xdebug.client_host/xdebug.client_port) :-(
[23] Log closed at 2024-09-25 07:48:17.273296

[18] Log opened at 2024-09-25 07:48:28.622557
[18] [Step Debug] INFO: Checking remote connect back address.
[18] [Step Debug] INFO: Checking header 'HTTP_X_FORWARDED_FOR'.
[18] [Step Debug] INFO: Checking header 'REMOTE_ADDR'.
[18] [Step Debug] INFO: Client host discovered through HTTP header, connecting to 192.168.65.1:9003.
[18] [Step Debug] WARN: Could not connect to client host discovered through HTTP headers, connecting to configured address/port: localhost:9003. :-|
[18] [Step Debug] WARN: Creating socket for 'localhost:9003', poll success, but error: Operation now in progress (29).
[18] [Step Debug] WARN: Creating socket for 'localhost:9003', connect: Cannot assign requested address.
[18] [Step Debug] ERR: Could not connect to debugging client. Tried: 192.168.65.1:9003 (from REMOTE_ADDR HTTP header), localhost:9003 (fallback through xdebug.client_host/xdebug.client_port) :-(
[18] Log closed at 2024-09-25 07:48:30.632680

[19] Log opened at 2024-09-25 07:48:50.039410
[19] [Step Debug] INFO: Checking remote connect back address.
[19] [Step Debug] INFO: Checking header 'HTTP_X_FORWARDED_FOR'.
[19] [Step Debug] INFO: Checking header 'REMOTE_ADDR'.
[19] [Step Debug] INFO: Client host discovered through HTTP header, connecting to 192.168.65.1:9003.
[19] [Step Debug] WARN: Could not connect to client host discovered through HTTP headers, connecting to configured address/port: localhost:9003. :-|
[19] [Step Debug] WARN: Creating socket for 'localhost:9003', poll success, but error: Operation now in progress (29).
[19] [Step Debug] WARN: Creating socket for 'localhost:9003', connect: Cannot assign requested address.
[19] [Step Debug] ERR: Could not connect to debugging client. Tried: 192.168.65.1:9003 (from REMOTE_ADDR HTTP header), localhost:9003 (fallback through xdebug.client_host/xdebug.client_port) :-(
[19] Log closed at 2024-09-25 07:48:52.051324

[20] Log opened at 2024-09-25 07:49:00.020166
[20] [Step Debug] INFO: Checking remote connect back address.
[20] [Step Debug] INFO: Checking header 'HTTP_X_FORWARDED_FOR'.
[20] [Step Debug] INFO: Checking header 'REMOTE_ADDR'.
[20] [Step Debug] INFO: Client host discovered through HTTP header, connecting to 192.168.65.1:9003.
[20] [Step Debug] WARN: Could not connect to client host discovered through HTTP headers, connecting to configured address/port: localhost:9003. :-|
[20] [Step Debug] WARN: Creating socket for 'localhost:9003', poll success, but error: Operation now in progress (29).
[20] [Step Debug] WARN: Creating socket for 'localhost:9003', connect: Cannot assign requested address.
[20] [Step Debug] ERR: Could not connect to debugging client. Tried: 192.168.65.1:9003 (from REMOTE_ADDR HTTP header), localhost:9003 (fallback through xdebug.client_host/xdebug.client_port) :-(
[20] Log closed at 2024-09-25 07:49:02.033811

[20] Log opened at 2024-09-25 07:49:04.419812
[20] [Step Debug] INFO: Checking remote connect back address.
[20] [Step Debug] INFO: Checking header 'HTTP_X_FORWARDED_FOR'.
[20] [Step Debug] INFO: Checking header 'REMOTE_ADDR'.
[20] [Step Debug] INFO: Client host discovered through HTTP header, connecting to 192.168.65.1:9003.
[20] [Step Debug] WARN: Could not connect to client host discovered through HTTP headers, connecting to configured address/port: localhost:9003. :-|
[20] [Step Debug] WARN: Creating socket for 'localhost:9003', poll success, but error: Operation now in progress (29).
[20] [Step Debug] WARN: Creating socket for 'localhost:9003', connect: Cannot assign requested address.
[20] [Step Debug] ERR: Could not connect to debugging client. Tried: 192.168.65.1:9003 (from REMOTE_ADDR HTTP header), localhost:9003 (fallback through xdebug.client_host/xdebug.client_port) :-(
[20] Log closed at 2024-09-25 07:49:06.427848

[21] Log opened at 2024-09-25 07:49:28.881588
[21] [Step Debug] INFO: Checking remote connect back address.
[21] [Step Debug] INFO: Checking header 'HTTP_X_FORWARDED_FOR'.
[21] [Step Debug] INFO: Checking header 'REMOTE_ADDR'.
[21] [Step Debug] INFO: Client host discovered through HTTP header, connecting to 192.168.65.1:9003.
[21] [Step Debug] WARN: Could not connect to client host discovered through HTTP headers, connecting to configured address/port: localhost:9003. :-|
[21] [Step Debug] WARN: Creating socket for 'localhost:9003', poll success, but error: Operation now in progress (29).
[21] [Step Debug] WARN: Creating socket for 'localhost:9003', connect: Cannot assign requested address.
[21] [Step Debug] ERR: Could not connect to debugging client. Tried: 192.168.65.1:9003 (from REMOTE_ADDR HTTP header), localhost:9003 (fallback through xdebug.client_host/xdebug.client_port) :-(
[21] Log closed at 2024-09-25 07:49:30.890558

[21] Log opened at 2024-09-25 07:49:32.171743
[21] [Step Debug] INFO: Checking remote connect back address.
[21] [Step Debug] INFO: Checking header 'HTTP_X_FORWARDED_FOR'.
[21] [Step Debug] INFO: Checking header 'REMOTE_ADDR'.
[21] [Step Debug] INFO: Client host discovered through HTTP header, connecting to 192.168.65.1:9003.
[21] [Step Debug] WARN: Could not connect to client host discovered through HTTP headers, connecting to configured address/port: localhost:9003. :-|
[21] [Step Debug] WARN: Creating socket for 'localhost:9003', poll success, but error: Operation now in progress (29).
[21] [Step Debug] WARN: Creating socket for 'localhost:9003', connect: Cannot assign requested address.
[21] [Step Debug] ERR: Could not connect to debugging client. Tried: 192.168.65.1:9003 (from REMOTE_ADDR HTTP header), localhost:9003 (fallback through xdebug.client_host/xdebug.client_port) :-(
[21] Log closed at 2024-09-25 07:49:34.179909

[21] Log opened at 2024-09-25 07:49:38.087222
[21] [Step Debug] INFO: Checking remote connect back address.
[21] [Step Debug] INFO: Checking header 'HTTP_X_FORWARDED_FOR'.
[21] [Step Debug] INFO: Checking header 'REMOTE_ADDR'.
[21] [Step Debug] INFO: Client host discovered through HTTP header, connecting to 192.168.65.1:9003.
[21] [Step Debug] WARN: Could not connect to client host discovered through HTTP headers, connecting to configured address/port: localhost:9003. :-|
[21] [Step Debug] WARN: Creating socket for 'localhost:9003', poll success, but error: Operation now in progress (29).
[21] [Step Debug] WARN: Creating socket for 'localhost:9003', connect: Cannot assign requested address.
[21] [Step Debug] ERR: Could not connect to debugging client. Tried: 192.168.65.1:9003 (from REMOTE_ADDR HTTP header), localhost:9003 (fallback through xdebug.client_host/xdebug.client_port) :-(
[21] Log closed at 2024-09-25 07:49:40.093777

[22] Log opened at 2024-09-25 07:49:46.208645
[22] [Step Debug] INFO: Checking remote connect back address.
[22] [Step Debug] INFO: Checking header 'HTTP_X_FORWARDED_FOR'.
[22] [Step Debug] INFO: Checking header 'REMOTE_ADDR'.
[22] [Step Debug] INFO: Client host discovered through HTTP header, connecting to 192.168.65.1:9003.
[22] [Step Debug] WARN: Could not connect to client host discovered through HTTP headers, connecting to configured address/port: localhost:9003. :-|
[22] [Step Debug] WARN: Creating socket for 'localhost:9003', poll success, but error: Operation now in progress (29).
[22] [Step Debug] WARN: Creating socket for 'localhost:9003', connect: Cannot assign requested address.
[22] [Step Debug] ERR: Could not connect to debugging client. Tried: 192.168.65.1:9003 (from REMOTE_ADDR HTTP header), localhost:9003 (fallback through xdebug.client_host/xdebug.client_port) :-(
[22] Log closed at 2024-09-25 07:49:48.216261

[17] Log opened at 2024-09-25 07:49:56.223468
[17] [Step Debug] INFO: Checking remote connect back address.
[17] [Step Debug] INFO: Checking header 'HTTP_X_FORWARDED_FOR'.
[17] [Step Debug] INFO: Checking header 'REMOTE_ADDR'.
[17] [Step Debug] INFO: Client host discovered through HTTP header, connecting to 192.168.65.1:9003.
[17] [Step Debug] WARN: Could not connect to client host discovered through HTTP headers, connecting to configured address/port: localhost:9003. :-|
[17] [Step Debug] WARN: Creating socket for 'localhost:9003', poll success, but error: Operation now in progress (29).
[17] [Step Debug] WARN: Creating socket for 'localhost:9003', connect: Cannot assign requested address.
[17] [Step Debug] ERR: Could not connect to debugging client. Tried: 192.168.65.1:9003 (from REMOTE_ADDR HTTP header), localhost:9003 (fallback through xdebug.client_host/xdebug.client_port) :-(
[17] Log closed at 2024-09-25 07:49:58.230254

[23] Log opened at 2024-09-25 07:50:50.207469
[23] [Step Debug] INFO: Checking remote connect back address.
[23] [Step Debug] INFO: Checking header 'HTTP_X_FORWARDED_FOR'.
[23] [Step Debug] INFO: Checking header 'REMOTE_ADDR'.
[23] [Step Debug] INFO: Client host discovered through HTTP header, connecting to 192.168.65.1:9003.
[23] [Step Debug] WARN: Could not connect to client host discovered through HTTP headers, connecting to configured address/port: localhost:9003. :-|
[23] [Step Debug] WARN: Creating socket for 'localhost:9003', poll success, but error: Operation now in progress (29).
[23] [Step Debug] WARN: Creating socket for 'localhost:9003', connect: Cannot assign requested address.
[23] [Step Debug] ERR: Could not connect to debugging client. Tried: 192.168.65.1:9003 (from REMOTE_ADDR HTTP header), localhost:9003 (fallback through xdebug.client_host/xdebug.client_port) :-(
[23] Log closed at 2024-09-25 07:50:52.216772

[18] Log opened at 2024-09-25 07:50:58.723050
[18] [Step Debug] INFO: Checking remote connect back address.
[18] [Step Debug] INFO: Checking header 'HTTP_X_FORWARDED_FOR'.
[18] [Step Debug] INFO: Checking header 'REMOTE_ADDR'.
[18] [Step Debug] INFO: Client host discovered through HTTP header, connecting to 192.168.65.1:9003.
[18] [Step Debug] WARN: Could not connect to client host discovered through HTTP headers, connecting to configured address/port: localhost:9003. :-|
[18] [Step Debug] WARN: Creating socket for 'localhost:9003', poll success, but error: Operation now in progress (29).
[18] [Step Debug] WARN: Creating socket for 'localhost:9003', connect: Cannot assign requested address.
[18] [Step Debug] ERR: Could not connect to debugging client. Tried: 192.168.65.1:9003 (from REMOTE_ADDR HTTP header), localhost:9003 (fallback through xdebug.client_host/xdebug.client_port) :-(
[18] Log closed at 2024-09-25 07:51:00.729759

[19] Log opened at 2024-09-25 07:51:21.072571
[19] [Step Debug] INFO: Checking remote connect back address.
[19] [Step Debug] INFO: Checking header 'HTTP_X_FORWARDED_FOR'.
[19] [Step Debug] INFO: Checking header 'REMOTE_ADDR'.
[19] [Step Debug] INFO: Client host discovered through HTTP header, connecting to 192.168.65.1:9003.
[19] [Step Debug] WARN: Could not connect to client host discovered through HTTP headers, connecting to configured address/port: localhost:9003. :-|
[19] [Step Debug] WARN: Creating socket for 'localhost:9003', poll success, but error: Operation now in progress (29).
[19] [Step Debug] WARN: Creating socket for 'localhost:9003', connect: Cannot assign requested address.
[19] [Step Debug] ERR: Could not connect to debugging client. Tried: 192.168.65.1:9003 (from REMOTE_ADDR HTTP header), localhost:9003 (fallback through xdebug.client_host/xdebug.client_port) :-(
[19] Log closed at 2024-09-25 07:51:23.083630

[20] Log opened at 2024-09-25 07:51:39.491614
[20] [Step Debug] INFO: Checking remote connect back address.
[20] [Step Debug] INFO: Checking header 'HTTP_X_FORWARDED_FOR'.
[20] [Step Debug] INFO: Checking header 'REMOTE_ADDR'.
[20] [Step Debug] INFO: Client host discovered through HTTP header, connecting to 192.168.65.1:9003.
[20] [Step Debug] WARN: Could not connect to client host discovered through HTTP headers, connecting to configured address/port: localhost:9003. :-|
[20] [Step Debug] WARN: Creating socket for 'localhost:9003', poll success, but error: Operation now in progress (29).
[20] [Step Debug] WARN: Creating socket for 'localhost:9003', connect: Cannot assign requested address.
[20] [Step Debug] ERR: Could not connect to debugging client. Tried: 192.168.65.1:9003 (from REMOTE_ADDR HTTP header), localhost:9003 (fallback through xdebug.client_host/xdebug.client_port) :-(
[20] Log closed at 2024-09-25 07:51:41.502836

[21] Log opened at 2024-09-25 07:51:50.707067
[21] [Step Debug] INFO: Checking remote connect back address.
[21] [Step Debug] INFO: Checking header 'HTTP_X_FORWARDED_FOR'.
[21] [Step Debug] INFO: Checking header 'REMOTE_ADDR'.
[21] [Step Debug] INFO: Client host discovered through HTTP header, connecting to 192.168.65.1:9003.
[21] [Step Debug] WARN: Could not connect to client host discovered through HTTP headers, connecting to configured address/port: localhost:9003. :-|
[21] [Step Debug] WARN: Creating socket for 'localhost:9003', poll success, but error: Operation now in progress (29).
[21] [Step Debug] WARN: Creating socket for 'localhost:9003', connect: Cannot assign requested address.
[21] [Step Debug] ERR: Could not connect to debugging client. Tried: 192.168.65.1:9003 (from REMOTE_ADDR HTTP header), localhost:9003 (fallback through xdebug.client_host/xdebug.client_port) :-(
[21] Log closed at 2024-09-25 07:51:52.717951

[22] Log opened at 2024-09-25 07:51:59.658974
[22] [Step Debug] INFO: Checking remote connect back address.
[22] [Step Debug] INFO: Checking header 'HTTP_X_FORWARDED_FOR'.
[22] [Step Debug] INFO: Checking header 'REMOTE_ADDR'.
[22] [Step Debug] INFO: Client host discovered through HTTP header, connecting to 192.168.65.1:9003.
[22] [Step Debug] WARN: Could not connect to client host discovered through HTTP headers, connecting to configured address/port: localhost:9003. :-|
[22] [Step Debug] WARN: Creating socket for 'localhost:9003', poll success, but error: Operation now in progress (29).
[22] [Step Debug] WARN: Creating socket for 'localhost:9003', connect: Cannot assign requested address.
[22] [Step Debug] ERR: Could not connect to debugging client. Tried: 192.168.65.1:9003 (from REMOTE_ADDR HTTP header), localhost:9003 (fallback through xdebug.client_host/xdebug.client_port) :-(
[22] Log closed at 2024-09-25 07:52:01.675541

[17] Log opened at 2024-09-25 07:52:47.045466
[17] [Step Debug] INFO: Checking remote connect back address.
[17] [Step Debug] INFO: Checking header 'HTTP_X_FORWARDED_FOR'.
[17] [Step Debug] INFO: Checking header 'REMOTE_ADDR'.
[17] [Step Debug] INFO: Client host discovered through HTTP header, connecting to 192.168.65.1:9003.
[17] [Step Debug] WARN: Could not connect to client host discovered through HTTP headers, connecting to configured address/port: localhost:9003. :-|
[17] [Step Debug] WARN: Creating socket for 'localhost:9003', poll success, but error: Operation now in progress (29).
[17] [Step Debug] WARN: Creating socket for 'localhost:9003', connect: Cannot assign requested address.
[17] [Step Debug] ERR: Could not connect to debugging client. Tried: 192.168.65.1:9003 (from REMOTE_ADDR HTTP header), localhost:9003 (fallback through xdebug.client_host/xdebug.client_port) :-(
[17] Log closed at 2024-09-25 07:52:49.054845

[23] Log opened at 2024-09-25 07:52:54.750956
[23] [Step Debug] INFO: Checking remote connect back address.
[23] [Step Debug] INFO: Checking header 'HTTP_X_FORWARDED_FOR'.
[23] [Step Debug] INFO: Checking header 'REMOTE_ADDR'.
[23] [Step Debug] INFO: Client host discovered through HTTP header, connecting to 192.168.65.1:9003.
[23] [Step Debug] WARN: Could not connect to client host discovered through HTTP headers, connecting to configured address/port: localhost:9003. :-|
[23] [Step Debug] WARN: Creating socket for 'localhost:9003', poll success, but error: Operation now in progress (29).
[23] [Step Debug] WARN: Creating socket for 'localhost:9003', connect: Cannot assign requested address.
[23] [Step Debug] ERR: Could not connect to debugging client. Tried: 192.168.65.1:9003 (from REMOTE_ADDR HTTP header), localhost:9003 (fallback through xdebug.client_host/xdebug.client_port) :-(
[23] Log closed at 2024-09-25 07:52:56.759218

[18] Log opened at 2024-09-25 07:53:23.061258
[18] [Step Debug] INFO: Checking remote connect back address.
[18] [Step Debug] INFO: Checking header 'HTTP_X_FORWARDED_FOR'.
[18] [Step Debug] INFO: Checking header 'REMOTE_ADDR'.
[18] [Step Debug] INFO: Client host discovered through HTTP header, connecting to 192.168.65.1:9003.
[18] [Step Debug] WARN: Could not connect to client host discovered through HTTP headers, connecting to configured address/port: localhost:9003. :-|
[18] [Step Debug] WARN: Creating socket for 'localhost:9003', poll success, but error: Operation now in progress (29).
[18] [Step Debug] WARN: Creating socket for 'localhost:9003', connect: Cannot assign requested address.
[18] [Step Debug] ERR: Could not connect to debugging client. Tried: 192.168.65.1:9003 (from REMOTE_ADDR HTTP header), localhost:9003 (fallback through xdebug.client_host/xdebug.client_port) :-(
[18] Log closed at 2024-09-25 07:53:25.069989

[19] Log opened at 2024-09-25 07:53:30.839959
[19] [Step Debug] INFO: Checking remote connect back address.
[19] [Step Debug] INFO: Checking header 'HTTP_X_FORWARDED_FOR'.
[19] [Step Debug] INFO: Checking header 'REMOTE_ADDR'.
[19] [Step Debug] INFO: Client host discovered through HTTP header, connecting to 192.168.65.1:9003.
[19] [Step Debug] WARN: Could not connect to client host discovered through HTTP headers, connecting to configured address/port: localhost:9003. :-|
[19] [Step Debug] WARN: Creating socket for 'localhost:9003', poll success, but error: Operation now in progress (29).
[19] [Step Debug] WARN: Creating socket for 'localhost:9003', connect: Cannot assign requested address.
[19] [Step Debug] ERR: Could not connect to debugging client. Tried: 192.168.65.1:9003 (from REMOTE_ADDR HTTP header), localhost:9003 (fallback through xdebug.client_host/xdebug.client_port) :-(
[19] Log closed at 2024-09-25 07:53:32.852635

